<?xml version="1.0" encoding="UTF-8"?>
<testsuite name="test.java.AlgoTest" tests="8" skipped="0" failures="0" errors="0" timestamp="2018-04-03T21:06:18" hostname="Codys-MacBook-Pro.local" time="0.024">
  <properties/>
  <testcase name="bubbleSortUnsortedTest" classname="test.java.AlgoTest" time="0.005"/>
  <testcase name="bubbleSortNullTest" classname="test.java.AlgoTest" time="0.0"/>
  <testcase name="bubbleSortOneElementTest" classname="test.java.AlgoTest" time="0.001"/>
  <testcase name="bubbleSortSortedTest" classname="test.java.AlgoTest" time="0.0"/>
  <testcase name="bubbleSortUnsortedTest" classname="test.java.AlgoTest" time="0.001"/>
  <testcase name="bubbleSortNullTest" classname="test.java.AlgoTest" time="0.001"/>
  <testcase name="bubbleSortOneElementTest" classname="test.java.AlgoTest" time="0.0"/>
  <testcase name="bubbleSortSortedTest" classname="test.java.AlgoTest" time="0.001"/>
  <system-out><![CDATA[]]></system-out>
  <system-err><![CDATA[]]></system-err>
</testsuite>
